This file contains any messages produced by compilers while
running configure, to aid debugging if configure makes a mistake.

It was created by libminigui configure 3.0.12, which was
generated by GNU Autoconf 2.65.  Invocation command line was

  $ ./configure --host=mips-linux-gnu LDFLAGS=-L/home/zeke/project/linuxPlayV6/out/product/halley2/system/usr/lib CFLAGS=-I/home/zeke/mips-install/libz/include -I/home/zeke/mips_install/include -I/home/zeke/mips_install/include -I/home/zeke/mips_install/include --prefix=/home/zeke/mips-install/minigui_n --enable-cursor=no --enable-splash=no --enable-screensaver=no --enable-shared=yes --disable-videoqvfb --disable-pcxvfb --enable-videofbcon

## --------- ##
## Platform. ##
## --------- ##

hostname = zpc
uname -m = x86_64
uname -r = 4.13.0-38-generic
uname -s = Linux
uname -v = #43~16.04.1-Ubuntu SMP Wed Mar 14 17:48:43 UTC 2018

/usr/bin/uname -p = unknown
/bin/uname -X     = unknown

/bin/arch              = unknown
/usr/bin/arch -k       = unknown
/usr/convex/getsysinfo = unknown
/usr/bin/hostinfo      = unknown
/bin/machine           = unknown
/usr/bin/oslevel       = unknown
/bin/universe          = unknown

PATH: /home/zeke/bin
PATH: /home/zeke/.local/bin
PATH: /usr/local/sbin
PATH: /usr/local/bin
PATH: /usr/sbin
PATH: /usr/bin
PATH: /sbin
PATH: /bin
PATH: /usr/games
PATH: /usr/local/games
PATH: /snap/bin
PATH: /home/zeke/bin
PATH: /home/zeke/bin/mips-gcc472-glibc216/bin
PATH: /home/zeke/bin/jdk-9.0.4//bin/


## ----------- ##
## Core tests. ##
## ----------- ##

configure:2800: checking build system type
configure:2814: result: x86_64-unknown-linux-gnu
configure:2834: checking host system type
configure:2847: result: mips-unknown-linux-gnu
configure:2867: checking target system type
configure:2880: result: mips-unknown-linux-gnu
configure:2924: checking for a BSD-compatible install
configure:2992: result: /usr/bin/install -c
configure:3003: checking whether build environment is sane
configure:3053: result: yes
configure:3102: checking for mips-linux-gnu-strip
configure:3118: found /home/zeke/bin/mips-gcc472-glibc216/bin/mips-linux-gnu-strip
configure:3129: result: mips-linux-gnu-strip
configure:3194: checking for a thread-safe mkdir -p
configure:3233: result: /bin/mkdir -p
configure:3246: checking for gawk
configure:3262: found /usr/bin/gawk
configure:3273: result: gawk
configure:3284: checking whether make sets $(MAKE)
configure:3306: result: yes
configure:3458: checking for style of include used by make
configure:3486: result: GNU
configure:3516: checking for mips-linux-gnu-gcc
configure:3532: found /home/zeke/bin/mips-gcc472-glibc216/bin/mips-linux-gnu-gcc
configure:3543: result: mips-linux-gnu-gcc
configure:3812: checking for C compiler version
configure:3821: mips-linux-gnu-gcc --version >&5
mips-linux-gnu-gcc (Ingenic 2016.11) 4.7.2
Copyright (C) 2012 Free Software Foundation, Inc.
This is free software; see the source for copying conditions.  There is NO
warranty; not even for MERCHANTABILITY or FITNESS FOR A PARTICULAR PURPOSE.

configure:3832: $? = 0
configure:3821: mips-linux-gnu-gcc -v >&5
Using built-in specs.
COLLECT_GCC=mips-linux-gnu-gcc
COLLECT_LTO_WRAPPER=/home/zeke/bin/mips-gcc472-glibc216/bin/../libexec/gcc/mips-linux-gnu/4.7.2/lto-wrapper
Target: mips-linux-gnu
Configured with: /home/toolchains/r2.3.x/src/gcc-4.7-2012.09/configure --build=i686-pc-linux-gnu --host=i686-pc-linux-gnu --target=mips-linux-gnu --enable-threads --disable-libmudflap --disable-libssp --disable-libstdcxx-pch --with-arch-32=mips32r2 --with-float=hard --with-mips-plt --enable-extra-sgxxlite-multilibs --with-gnu-as --with-gnu-ld --with-specs='%{save-temps: -fverbose-asm} -D__CS_SOURCERYGXX_MAJ__=2012 -D__CS_SOURCERYGXX_MIN__=9 -D__CS_SOURCERYGXX_REV__=99' --enable-languages=c,c++,fortran --enable-shared --enable-lto --enable-symvers=gnu --enable-__cxa_atexit --with-pkgversion='Ingenic 2016.11' --disable-nls --prefix=/home/toolchains/r2.3.x/install --with-sysroot=/home/toolchains/r2.3.x/install/mips-linux-gnu/libc --with-build-sysroot=/home/toolchains/r2.3.x/install/mips-linux-gnu/libc --with-gmp=/home/toolchains/r2.3.x/obj/pkg-2012.09-99-mips-linux-gnu/mips-2012.09-99-mips-linux-gnu.extras/host-libs-i686-pc-linux-gnu/usr --with-mpfr=/home/toolchains/r2.3.x/obj/pkg-2012.09-99-mips-linux-gnu/mips-2012.09-99-mips-linux-gnu.extras/host-libs-i686-pc-linux-gnu/usr --with-mpc=/home/toolchains/r2.3.x/obj/pkg-2012.09-99-mips-linux-gnu/mips-2012.09-99-mips-linux-gnu.extras/host-libs-i686-pc-linux-gnu/usr --with-ppl=/home/toolchains/r2.3.x/obj/pkg-2012.09-99-mips-linux-gnu/mips-2012.09-99-mips-linux-gnu.extras/host-libs-i686-pc-linux-gnu/usr --with-host-libstdcxx='-static-libgcc -Wl,-Bstatic,-lstdc++,-Bdynamic -lm' --with-cloog=/home/toolchains/r2.3.x/obj/pkg-2012.09-99-mips-linux-gnu/mips-2012.09-99-mips-linux-gnu.extras/host-libs-i686-pc-linux-gnu/usr --with-libelf=/home/toolchains/r2.3.x/obj/pkg-2012.09-99-mips-linux-gnu/mips-2012.09-99-mips-linux-gnu.extras/host-libs-i686-pc-linux-gnu/usr --disable-libgomp --disable-libitm --enable-poison-system-directories --with-build-time-tools=/home/toolchains/r2.3.x/install/mips-linux-gnu/bin
Thread model: posix
gcc version 4.7.2 (Ingenic 2016.11) 
configure:3832: $? = 0
configure:3821: mips-linux-gnu-gcc -V >&5
mips-linux-gnu-gcc: error: unrecognized command line option '-V'
mips-linux-gnu-gcc: fatal error: no input files
compilation terminated.
configure:3832: $? = 1
configure:3821: mips-linux-gnu-gcc -qversion >&5
mips-linux-gnu-gcc: error: unrecognized command line option '-qversion'
mips-linux-gnu-gcc: fatal error: no input files
compilation terminated.
configure:3832: $? = 1
configure:3852: checking whether the C compiler works
configure:3874: mips-linux-gnu-gcc -I/home/zeke/mips-install/libz/include -I/home/zeke/mips_install/include -I/home/zeke/mips_install/include -I/home/zeke/mips_install/include  -L/home/zeke/project/linuxPlayV6/out/product/halley2/system/usr/lib conftest.c  >&5
configure:3878: $? = 0
configure:3927: result: yes
configure:3930: checking for C compiler default output file name
configure:3932: result: a.out
configure:3938: checking for suffix of executables
configure:3945: mips-linux-gnu-gcc -o conftest -I/home/zeke/mips-install/libz/include -I/home/zeke/mips_install/include -I/home/zeke/mips_install/include -I/home/zeke/mips_install/include  -L/home/zeke/project/linuxPlayV6/out/product/halley2/system/usr/lib conftest.c  >&5
configure:3949: $? = 0
configure:3971: result: 
configure:3993: checking whether we are cross compiling
configure:4001: mips-linux-gnu-gcc -o conftest -I/home/zeke/mips-install/libz/include -I/home/zeke/mips_install/include -I/home/zeke/mips_install/include -I/home/zeke/mips_install/include  -L/home/zeke/project/linuxPlayV6/out/product/halley2/system/usr/lib conftest.c  >&5
configure:4005: $? = 0
configure:4012: ./conftest
./configure: line 4014: ./conftest: cannot execute binary file: Exec format error
configure:4016: $? = 126
configure:4031: result: yes
configure:4036: checking for suffix of object files
configure:4058: mips-linux-gnu-gcc -c -I/home/zeke/mips-install/libz/include -I/home/zeke/mips_install/include -I/home/zeke/mips_install/include -I/home/zeke/mips_install/include  conftest.c >&5
configure:4062: $? = 0
configure:4083: result: o
configure:4087: checking whether we are using the GNU C compiler
configure:4106: mips-linux-gnu-gcc -c -I/home/zeke/mips-install/libz/include -I/home/zeke/mips_install/include -I/home/zeke/mips_install/include -I/home/zeke/mips_install/include  conftest.c >&5
configure:4106: $? = 0
configure:4115: result: yes
configure:4124: checking whether mips-linux-gnu-gcc accepts -g
configure:4144: mips-linux-gnu-gcc -c -g  conftest.c >&5
configure:4144: $? = 0
configure:4185: result: yes
configure:4202: checking for mips-linux-gnu-gcc option to accept ISO C89
configure:4266: mips-linux-gnu-gcc  -c -I/home/zeke/mips-install/libz/include -I/home/zeke/mips_install/include -I/home/zeke/mips_install/include -I/home/zeke/mips_install/include  conftest.c >&5
configure:4266: $? = 0
configure:4279: result: none needed
configure:4301: checking dependency style of mips-linux-gnu-gcc
configure:4411: result: gcc3
configure:4448: checking for ld used by GCC
configure:4511: result: /home/zeke/bin/mips-gcc472-glibc216/mips-linux-gnu/bin/ld
configure:4518: checking if the linker (/home/zeke/bin/mips-gcc472-glibc216/mips-linux-gnu/bin/ld) is GNU ld
GNU ld (Ingenic 2016.11) 2.24.51.20140512
configure:4530: result: yes
configure:4535: checking for /home/zeke/bin/mips-gcc472-glibc216/mips-linux-gnu/bin/ld option to reload object files
configure:4542: result: -r
configure:4547: checking for BSD-compatible nm
configure:4583: result: /home/zeke/bin/mips-gcc472-glibc216/bin/mips-linux-gnu-nm -B
configure:4586: checking for a sed that does not truncate output
configure:4668: result: /bin/sed
configure:4671: checking whether ln -s works
configure:4675: result: yes
configure:4682: checking how to recognise dependent libraries
configure:4863: result: pass_all
configure:4876: checking command to parse /home/zeke/bin/mips-gcc472-glibc216/bin/mips-linux-gnu-nm -B output
configure:4960: mips-linux-gnu-gcc -c -I/home/zeke/mips-install/libz/include -I/home/zeke/mips_install/include -I/home/zeke/mips_install/include -I/home/zeke/mips_install/include  conftest.c >&5
configure:4963: $? = 0
configure:4967: /home/zeke/bin/mips-gcc472-glibc216/bin/mips-linux-gnu-nm -B conftest.o \| sed -n -e 's/^.*[ 	]\([ABCDGISTW][ABCDGISTW]*\)[ 	][ 	]*\(\)\([_A-Za-z][_A-Za-z0-9]*\)$/\1 \2\3 \3/p' \> conftest.nm
configure:4970: $? = 0
configure:5022: mips-linux-gnu-gcc -o conftest -I/home/zeke/mips-install/libz/include -I/home/zeke/mips_install/include -I/home/zeke/mips_install/include -I/home/zeke/mips_install/include  -L/home/zeke/project/linuxPlayV6/out/product/halley2/system/usr/lib conftest.c conftstm.o >&5
configure:5025: $? = 0
configure:5069: result: ok
configure:5078: checking how to run the C preprocessor
configure:5109: mips-linux-gnu-gcc -E  conftest.c
configure:5109: $? = 0
configure:5123: mips-linux-gnu-gcc -E  conftest.c
conftest.c:9:28: fatal error: ac_nonexistent.h: No such file or directory
compilation terminated.
configure:5123: $? = 1
configure: failed program was:
| /* confdefs.h */
| #define PACKAGE_NAME "libminigui"
| #define PACKAGE_TARNAME "libminigui"
| #define PACKAGE_VERSION "3.0.12"
| #define PACKAGE_STRING "libminigui 3.0.12"
| #define PACKAGE_BUGREPORT ""
| #define PACKAGE_URL ""
| /* end confdefs.h.  */
| #include <ac_nonexistent.h>
configure:5148: result: mips-linux-gnu-gcc -E
configure:5168: mips-linux-gnu-gcc -E  conftest.c
configure:5168: $? = 0
configure:5182: mips-linux-gnu-gcc -E  conftest.c
conftest.c:9:28: fatal error: ac_nonexistent.h: No such file or directory
compilation terminated.
configure:5182: $? = 1
configure: failed program was:
| /* confdefs.h */
| #define PACKAGE_NAME "libminigui"
| #define PACKAGE_TARNAME "libminigui"
| #define PACKAGE_VERSION "3.0.12"
| #define PACKAGE_STRING "libminigui 3.0.12"
| #define PACKAGE_BUGREPORT ""
| #define PACKAGE_URL ""
| /* end confdefs.h.  */
| #include <ac_nonexistent.h>
configure:5211: checking for grep that handles long lines and -e
configure:5269: result: /bin/grep
configure:5274: checking for egrep
configure:5336: result: /bin/grep -E
configure:5341: checking for ANSI C header files
configure:5361: mips-linux-gnu-gcc -c -I/home/zeke/mips-install/libz/include -I/home/zeke/mips_install/include -I/home/zeke/mips_install/include -I/home/zeke/mips_install/include  conftest.c >&5
configure:5361: $? = 0
configure:5445: result: yes
configure:5458: checking for sys/types.h
configure:5458: mips-linux-gnu-gcc -c -I/home/zeke/mips-install/libz/include -I/home/zeke/mips_install/include -I/home/zeke/mips_install/include -I/home/zeke/mips_install/include  conftest.c >&5
configure:5458: $? = 0
configure:5458: result: yes
configure:5458: checking for sys/stat.h
configure:5458: mips-linux-gnu-gcc -c -I/home/zeke/mips-install/libz/include -I/home/zeke/mips_install/include -I/home/zeke/mips_install/include -I/home/zeke/mips_install/include  conftest.c >&5
configure:5458: $? = 0
configure:5458: result: yes
configure:5458: checking for stdlib.h
configure:5458: mips-linux-gnu-gcc -c -I/home/zeke/mips-install/libz/include -I/home/zeke/mips_install/include -I/home/zeke/mips_install/include -I/home/zeke/mips_install/include  conftest.c >&5
configure:5458: $? = 0
configure:5458: result: yes
configure:5458: checking for string.h
configure:5458: mips-linux-gnu-gcc -c -I/home/zeke/mips-install/libz/include -I/home/zeke/mips_install/include -I/home/zeke/mips_install/include -I/home/zeke/mips_install/include  conftest.c >&5
configure:5458: $? = 0
configure:5458: result: yes
configure:5458: checking for memory.h
configure:5458: mips-linux-gnu-gcc -c -I/home/zeke/mips-install/libz/include -I/home/zeke/mips_install/include -I/home/zeke/mips_install/include -I/home/zeke/mips_install/include  conftest.c >&5
configure:5458: $? = 0
configure:5458: result: yes
configure:5458: checking for strings.h
configure:5458: mips-linux-gnu-gcc -c -I/home/zeke/mips-install/libz/include -I/home/zeke/mips_install/include -I/home/zeke/mips_install/include -I/home/zeke/mips_install/include  conftest.c >&5
configure:5458: $? = 0
configure:5458: result: yes
configure:5458: checking for inttypes.h
configure:5458: mips-linux-gnu-gcc -c -I/home/zeke/mips-install/libz/include -I/home/zeke/mips_install/include -I/home/zeke/mips_install/include -I/home/zeke/mips_install/include  conftest.c >&5
configure:5458: $? = 0
configure:5458: result: yes
configure:5458: checking for stdint.h
configure:5458: mips-linux-gnu-gcc -c -I/home/zeke/mips-install/libz/include -I/home/zeke/mips_install/include -I/home/zeke/mips_install/include -I/home/zeke/mips_install/include  conftest.c >&5
configure:5458: $? = 0
configure:5458: result: yes
configure:5458: checking for unistd.h
configure:5458: mips-linux-gnu-gcc -c -I/home/zeke/mips-install/libz/include -I/home/zeke/mips_install/include -I/home/zeke/mips_install/include -I/home/zeke/mips_install/include  conftest.c >&5
configure:5458: $? = 0
configure:5458: result: yes
configure:5473: checking dlfcn.h usability
configure:5473: mips-linux-gnu-gcc -c -I/home/zeke/mips-install/libz/include -I/home/zeke/mips_install/include -I/home/zeke/mips_install/include -I/home/zeke/mips_install/include  conftest.c >&5
configure:5473: $? = 0
configure:5473: result: yes
configure:5473: checking dlfcn.h presence
configure:5473: mips-linux-gnu-gcc -E  conftest.c
configure:5473: $? = 0
configure:5473: result: yes
configure:5473: checking for dlfcn.h
configure:5473: result: yes
configure:5630: checking for mips-linux-gnu-ranlib
configure:5646: found /home/zeke/bin/mips-gcc472-glibc216/bin/mips-linux-gnu-ranlib
configure:5657: result: mips-linux-gnu-ranlib
configure:5722: checking for mips-linux-gnu-strip
configure:5749: result: mips-linux-gnu-strip
configure:5992: checking for objdir
configure:6003: result: .libs
configure:6024: checking for mips-linux-gnu-gcc option to produce PIC
configure:6170: result: -fPIC
configure:6174: checking if mips-linux-gnu-gcc PIC flag -fPIC works
configure:6192: mips-linux-gnu-gcc -c -I/home/zeke/mips-install/libz/include -I/home/zeke/mips_install/include -I/home/zeke/mips_install/include -I/home/zeke/mips_install/include -fPIC -DPIC  conftest.c >&5
configure:6192: $? = 0
configure:6226: result: yes
configure:6246: checking if mips-linux-gnu-gcc static flag -static works
configure:6265: mips-linux-gnu-gcc -o conftest -I/home/zeke/mips-install/libz/include -I/home/zeke/mips_install/include -I/home/zeke/mips_install/include -I/home/zeke/mips_install/include  -L/home/zeke/project/linuxPlayV6/out/product/halley2/system/usr/lib -static conftest.c  >&5
configure:6265: $? = 0
configure:6277: result: yes
configure:6293: checking if mips-linux-gnu-gcc supports -c -o file.o
configure:6313: mips-linux-gnu-gcc -c -I/home/zeke/mips-install/libz/include -I/home/zeke/mips_install/include -I/home/zeke/mips_install/include -I/home/zeke/mips_install/include -o out/conftest2.o  conftest.c >&5
configure:6337: result: yes
configure:6342: checking if mips-linux-gnu-gcc supports -c -o file.lo
configure:6364: mips-linux-gnu-gcc -c -I/home/zeke/mips-install/libz/include -I/home/zeke/mips_install/include -I/home/zeke/mips_install/include -I/home/zeke/mips_install/include -c -o conftest.lo  conftest.c >&5
configure:6364: $? = 0
configure:6381: result: yes
configure:6420: checking if mips-linux-gnu-gcc supports -fno-rtti -fno-exceptions
configure:6437: mips-linux-gnu-gcc -c -I/home/zeke/mips-install/libz/include -I/home/zeke/mips_install/include -I/home/zeke/mips_install/include -I/home/zeke/mips_install/include -fno-rtti -fno-exceptions -c conftest.c  conftest.c >&5
cc1: warning: command line option '-fno-rtti' is valid for C++/ObjC++ but not for C [enabled by default]
cc1: warning: command line option '-fno-rtti' is valid for C++/ObjC++ but not for C [enabled by default]
configure:6437: $? = 0
configure:6449: result: no
configure:6464: checking whether the linker (/home/zeke/bin/mips-gcc472-glibc216/mips-linux-gnu/bin/ld) supports shared libraries
configure:7159: result: yes
configure:7168: checking how to hardcode library paths into programs
configure:7192: result: immediate
configure:7201: checking whether stripping libraries is possible
configure:7206: result: yes
configure:7221: checking dynamic linker characteristics
configure:7652: result: GNU/Linux ld.so
configure:7661: checking if libtool supports shared libraries
configure:7663: result: yes
configure:7670: checking whether to build shared libraries
configure:7691: result: yes
configure:7698: checking whether to build static libraries
configure:7702: result: yes
configure:8166: checking whether -lc should be explicitly linked in
configure:8174: mips-linux-gnu-gcc -c -I/home/zeke/mips-install/libz/include -I/home/zeke/mips_install/include -I/home/zeke/mips_install/include -I/home/zeke/mips_install/include  conftest.c >&5
configure:8177: $? = 0
configure:8191: mips-linux-gnu-gcc -shared conftest.o  -v -Wl,-soname -Wl,conftest -o conftest 2\>\&1 \| grep  -lc  \>/dev/null 2\>\&1
configure:8194: $? = 0
configure:8207: result: no
configure:8794: checking for mips-linux-gnu-gcc
configure:8821: result: mips-linux-gnu-gcc
configure:9090: checking for C compiler version
configure:9099: mips-linux-gnu-gcc --version >&5
mips-linux-gnu-gcc (Ingenic 2016.11) 4.7.2
Copyright (C) 2012 Free Software Foundation, Inc.
This is free software; see the source for copying conditions.  There is NO
warranty; not even for MERCHANTABILITY or FITNESS FOR A PARTICULAR PURPOSE.

configure:9110: $? = 0
configure:9099: mips-linux-gnu-gcc -v >&5
Using built-in specs.
COLLECT_GCC=mips-linux-gnu-gcc
COLLECT_LTO_WRAPPER=/home/zeke/bin/mips-gcc472-glibc216/bin/../libexec/gcc/mips-linux-gnu/4.7.2/lto-wrapper
Target: mips-linux-gnu
Configured with: /home/toolchains/r2.3.x/src/gcc-4.7-2012.09/configure --build=i686-pc-linux-gnu --host=i686-pc-linux-gnu --target=mips-linux-gnu --enable-threads --disable-libmudflap --disable-libssp --disable-libstdcxx-pch --with-arch-32=mips32r2 --with-float=hard --with-mips-plt --enable-extra-sgxxlite-multilibs --with-gnu-as --with-gnu-ld --with-specs='%{save-temps: -fverbose-asm} -D__CS_SOURCERYGXX_MAJ__=2012 -D__CS_SOURCERYGXX_MIN__=9 -D__CS_SOURCERYGXX_REV__=99' --enable-languages=c,c++,fortran --enable-shared --enable-lto --enable-symvers=gnu --enable-__cxa_atexit --with-pkgversion='Ingenic 2016.11' --disable-nls --prefix=/home/toolchains/r2.3.x/install --with-sysroot=/home/toolchains/r2.3.x/install/mips-linux-gnu/libc --with-build-sysroot=/home/toolchains/r2.3.x/install/mips-linux-gnu/libc --with-gmp=/home/toolchains/r2.3.x/obj/pkg-2012.09-99-mips-linux-gnu/mips-2012.09-99-mips-linux-gnu.extras/host-libs-i686-pc-linux-gnu/usr --with-mpfr=/home/toolchains/r2.3.x/obj/pkg-2012.09-99-mips-linux-gnu/mips-2012.09-99-mips-linux-gnu.extras/host-libs-i686-pc-linux-gnu/usr --with-mpc=/home/toolchains/r2.3.x/obj/pkg-2012.09-99-mips-linux-gnu/mips-2012.09-99-mips-linux-gnu.extras/host-libs-i686-pc-linux-gnu/usr --with-ppl=/home/toolchains/r2.3.x/obj/pkg-2012.09-99-mips-linux-gnu/mips-2012.09-99-mips-linux-gnu.extras/host-libs-i686-pc-linux-gnu/usr --with-host-libstdcxx='-static-libgcc -Wl,-Bstatic,-lstdc++,-Bdynamic -lm' --with-cloog=/home/toolchains/r2.3.x/obj/pkg-2012.09-99-mips-linux-gnu/mips-2012.09-99-mips-linux-gnu.extras/host-libs-i686-pc-linux-gnu/usr --with-libelf=/home/toolchains/r2.3.x/obj/pkg-2012.09-99-mips-linux-gnu/mips-2012.09-99-mips-linux-gnu.extras/host-libs-i686-pc-linux-gnu/usr --disable-libgomp --disable-libitm --enable-poison-system-directories --with-build-time-tools=/home/toolchains/r2.3.x/install/mips-linux-gnu/bin
Thread model: posix
gcc version 4.7.2 (Ingenic 2016.11) 
configure:9110: $? = 0
configure:9099: mips-linux-gnu-gcc -V >&5
mips-linux-gnu-gcc: error: unrecognized command line option '-V'
mips-linux-gnu-gcc: fatal error: no input files
compilation terminated.
configure:9110: $? = 1
configure:9099: mips-linux-gnu-gcc -qversion >&5
mips-linux-gnu-gcc: error: unrecognized command line option '-qversion'
mips-linux-gnu-gcc: fatal error: no input files
compilation terminated.
configure:9110: $? = 1
configure:9114: checking whether we are using the GNU C compiler
configure:9142: result: yes
configure:9151: checking whether mips-linux-gnu-gcc accepts -g
configure:9212: result: yes
configure:9229: checking for mips-linux-gnu-gcc option to accept ISO C89
configure:9306: result: none needed
configure:9328: checking dependency style of mips-linux-gnu-gcc
configure:9438: result: gcc3
configure:9464: checking for ld used by GCC
configure:9527: result: /home/zeke/bin/mips-gcc472-glibc216/mips-linux-gnu/bin/ld
configure:9534: checking if the linker (/home/zeke/bin/mips-gcc472-glibc216/mips-linux-gnu/bin/ld) is GNU ld
configure:9546: result: yes
configure:9554: checking for mips-linux-gnu-ranlib
configure:9581: result: mips-linux-gnu-ranlib
configure:9644: checking whether ln -s works
configure:9648: result: yes
configure:9655: checking whether make sets $(MAKE)
configure:9677: result: yes
configure:9687: checking for ANSI C header files
configure:9791: result: yes
configure:9802: checking for dirent.h that defines DIR
configure:9821: mips-linux-gnu-gcc -c -I/home/zeke/mips-install/libz/include -I/home/zeke/mips_install/include -I/home/zeke/mips_install/include -I/home/zeke/mips_install/include  conftest.c >&5
configure:9821: $? = 0
configure:9829: result: yes
configure:9843: checking for library containing opendir
configure:9874: mips-linux-gnu-gcc -o conftest -I/home/zeke/mips-install/libz/include -I/home/zeke/mips_install/include -I/home/zeke/mips_install/include -I/home/zeke/mips_install/include  -L/home/zeke/project/linuxPlayV6/out/product/halley2/system/usr/lib conftest.c  >&5
configure:9874: $? = 0
configure:9891: result: none required
configure:9961: checking for sys/types.h
configure:9961: result: yes
configure:9961: checking sys/time.h usability
configure:9961: mips-linux-gnu-gcc -c -I/home/zeke/mips-install/libz/include -I/home/zeke/mips_install/include -I/home/zeke/mips_install/include -I/home/zeke/mips_install/include  conftest.c >&5
configure:9961: $? = 0
configure:9961: result: yes
configure:9961: checking sys/time.h presence
configure:9961: mips-linux-gnu-gcc -E  conftest.c
configure:9961: $? = 0
configure:9961: result: yes
configure:9961: checking for sys/time.h
configure:9961: result: yes
configure:9961: checking termio.h usability
configure:9961: mips-linux-gnu-gcc -c -I/home/zeke/mips-install/libz/include -I/home/zeke/mips_install/include -I/home/zeke/mips_install/include -I/home/zeke/mips_install/include  conftest.c >&5
configure:9961: $? = 0
configure:9961: result: yes
configure:9961: checking termio.h presence
configure:9961: mips-linux-gnu-gcc -E  conftest.c
configure:9961: $? = 0
configure:9961: result: yes
configure:9961: checking for termio.h
configure:9961: result: yes
configure:9961: checking for unistd.h
configure:9961: result: yes
configure:9961: checking math.h usability
configure:9961: mips-linux-gnu-gcc -c -I/home/zeke/mips-install/libz/include -I/home/zeke/mips_install/include -I/home/zeke/mips_install/include -I/home/zeke/mips_install/include  conftest.c >&5
configure:9961: $? = 0
configure:9961: result: yes
configure:9961: checking math.h presence
configure:9961: mips-linux-gnu-gcc -E  conftest.c
configure:9961: $? = 0
configure:9961: result: yes
configure:9961: checking for math.h
configure:9961: result: yes
configure:9961: checking locale.h usability
configure:9961: mips-linux-gnu-gcc -c -I/home/zeke/mips-install/libz/include -I/home/zeke/mips_install/include -I/home/zeke/mips_install/include -I/home/zeke/mips_install/include  conftest.c >&5
configure:9961: $? = 0
configure:9961: result: yes
configure:9961: checking locale.h presence
configure:9961: mips-linux-gnu-gcc -E  conftest.c
configure:9961: $? = 0
configure:9961: result: yes
configure:9961: checking for locale.h
configure:9961: result: yes
configure:9973: checking for an ANSI C-conforming const
configure:10038: mips-linux-gnu-gcc -c -I/home/zeke/mips-install/libz/include -I/home/zeke/mips_install/include -I/home/zeke/mips_install/include -I/home/zeke/mips_install/include  conftest.c >&5
configure:10038: $? = 0
configure:10045: result: yes
configure:10053: checking for inline
configure:10069: mips-linux-gnu-gcc -c -I/home/zeke/mips-install/libz/include -I/home/zeke/mips_install/include -I/home/zeke/mips_install/include -I/home/zeke/mips_install/include  conftest.c >&5
configure:10069: $? = 0
configure:10077: result: inline
configure:10095: checking for size_t
configure:10095: mips-linux-gnu-gcc -c -I/home/zeke/mips-install/libz/include -I/home/zeke/mips_install/include -I/home/zeke/mips_install/include -I/home/zeke/mips_install/include  conftest.c >&5
configure:10095: $? = 0
configure:10095: mips-linux-gnu-gcc -c -I/home/zeke/mips-install/libz/include -I/home/zeke/mips_install/include -I/home/zeke/mips_install/include -I/home/zeke/mips_install/include  conftest.c >&5
conftest.c: In function 'main':
conftest.c:64:21: error: expected expression before ')' token
configure:10095: $? = 1
configure: failed program was:
| /* confdefs.h */
| #define PACKAGE_NAME "libminigui"
| #define PACKAGE_TARNAME "libminigui"
| #define PACKAGE_VERSION "3.0.12"
| #define PACKAGE_STRING "libminigui 3.0.12"
| #define PACKAGE_BUGREPORT ""
| #define PACKAGE_URL ""
| #define STDC_HEADERS 1
| #define HAVE_SYS_TYPES_H 1
| #define HAVE_SYS_STAT_H 1
| #define HAVE_STDLIB_H 1
| #define HAVE_STRING_H 1
| #define HAVE_MEMORY_H 1
| #define HAVE_STRINGS_H 1
| #define HAVE_INTTYPES_H 1
| #define HAVE_STDINT_H 1
| #define HAVE_UNISTD_H 1
| #define HAVE_DLFCN_H 1
| #define STDC_HEADERS 1
| #define HAVE_DIRENT_H 1
| #define HAVE_SYS_TYPES_H 1
| #define HAVE_SYS_TIME_H 1
| #define HAVE_TERMIO_H 1
| #define HAVE_UNISTD_H 1
| #define HAVE_MATH_H 1
| #define HAVE_LOCALE_H 1
| /* end confdefs.h.  */
| #include <stdio.h>
| #ifdef HAVE_SYS_TYPES_H
| # include <sys/types.h>
| #endif
| #ifdef HAVE_SYS_STAT_H
| # include <sys/stat.h>
| #endif
| #ifdef STDC_HEADERS
| # include <stdlib.h>
| # include <stddef.h>
| #else
| # ifdef HAVE_STDLIB_H
| #  include <stdlib.h>
| # endif
| #endif
| #ifdef HAVE_STRING_H
| # if !defined STDC_HEADERS && defined HAVE_MEMORY_H
| #  include <memory.h>
| # endif
| # include <string.h>
| #endif
| #ifdef HAVE_STRINGS_H
| # include <strings.h>
| #endif
| #ifdef HAVE_INTTYPES_H
| # include <inttypes.h>
| #endif
| #ifdef HAVE_STDINT_H
| # include <stdint.h>
| #endif
| #ifdef HAVE_UNISTD_H
| # include <unistd.h>
| #endif
| int
| main ()
| {
| if (sizeof ((size_t)))
| 	    return 0;
|   ;
|   return 0;
| }
configure:10095: result: yes
configure:10106: checking whether time.h and sys/time.h may both be included
configure:10126: mips-linux-gnu-gcc -c -I/home/zeke/mips-install/libz/include -I/home/zeke/mips_install/include -I/home/zeke/mips_install/include -I/home/zeke/mips_install/include  conftest.c >&5
configure:10126: $? = 0
configure:10133: result: yes
configure:10141: checking whether struct tm is in sys/time.h or time.h
configure:10161: mips-linux-gnu-gcc -c -I/home/zeke/mips-install/libz/include -I/home/zeke/mips_install/include -I/home/zeke/mips_install/include -I/home/zeke/mips_install/include  conftest.c >&5
configure:10161: $? = 0
configure:10168: result: time.h
configure:10179: checking for working alloca.h
configure:10196: mips-linux-gnu-gcc -o conftest -I/home/zeke/mips-install/libz/include -I/home/zeke/mips_install/include -I/home/zeke/mips_install/include -I/home/zeke/mips_install/include  -L/home/zeke/project/linuxPlayV6/out/product/halley2/system/usr/lib conftest.c  >&5
configure:10196: $? = 0
configure:10204: result: yes
configure:10212: checking for alloca
configure:10249: mips-linux-gnu-gcc -o conftest -I/home/zeke/mips-install/libz/include -I/home/zeke/mips_install/include -I/home/zeke/mips_install/include -I/home/zeke/mips_install/include  -L/home/zeke/project/linuxPlayV6/out/product/halley2/system/usr/lib conftest.c  >&5
configure:10249: $? = 0
configure:10257: result: yes
configure:10367: checking for working memcmp
configure:10420: result: no
configure:10435: checking for stdlib.h
configure:10435: result: yes
configure:10435: checking for unistd.h
configure:10435: result: yes
configure:10435: checking for sys/param.h
configure:10435: mips-linux-gnu-gcc -c -I/home/zeke/mips-install/libz/include -I/home/zeke/mips_install/include -I/home/zeke/mips_install/include -I/home/zeke/mips_install/include  conftest.c >&5
configure:10435: $? = 0
configure:10435: result: yes
configure:10456: checking for getpagesize
configure:10456: mips-linux-gnu-gcc -o conftest -I/home/zeke/mips-install/libz/include -I/home/zeke/mips_install/include -I/home/zeke/mips_install/include -I/home/zeke/mips_install/include  -L/home/zeke/project/linuxPlayV6/out/product/halley2/system/usr/lib conftest.c  >&5
configure:10456: $? = 0
configure:10456: result: yes
configure:10465: checking for working mmap
configure:10622: result: no
configure:10633: checking for vprintf
configure:10633: mips-linux-gnu-gcc -o conftest -I/home/zeke/mips-install/libz/include -I/home/zeke/mips_install/include -I/home/zeke/mips_install/include -I/home/zeke/mips_install/include  -L/home/zeke/project/linuxPlayV6/out/product/halley2/system/usr/lib conftest.c  >&5
conftest.c:58:6: warning: conflicting types for built-in function 'vprintf' [enabled by default]
configure:10633: $? = 0
configure:10633: result: yes
configure:10639: checking for _doprnt
configure:10639: mips-linux-gnu-gcc -o conftest -I/home/zeke/mips-install/libz/include -I/home/zeke/mips_install/include -I/home/zeke/mips_install/include -I/home/zeke/mips_install/include  -L/home/zeke/project/linuxPlayV6/out/product/halley2/system/usr/lib conftest.c  >&5
/tmp/ccELtQbI.o: In function `main':
conftest.c:(.text+0x10): undefined reference to `_doprnt'
collect2: error: ld returned 1 exit status
configure:10639: $? = 1
configure: failed program was:
| /* confdefs.h */
| #define PACKAGE_NAME "libminigui"
| #define PACKAGE_TARNAME "libminigui"
| #define PACKAGE_VERSION "3.0.12"
| #define PACKAGE_STRING "libminigui 3.0.12"
| #define PACKAGE_BUGREPORT ""
| #define PACKAGE_URL ""
| #define STDC_HEADERS 1
| #define HAVE_SYS_TYPES_H 1
| #define HAVE_SYS_STAT_H 1
| #define HAVE_STDLIB_H 1
| #define HAVE_STRING_H 1
| #define HAVE_MEMORY_H 1
| #define HAVE_STRINGS_H 1
| #define HAVE_INTTYPES_H 1
| #define HAVE_STDINT_H 1
| #define HAVE_UNISTD_H 1
| #define HAVE_DLFCN_H 1
| #define STDC_HEADERS 1
| #define HAVE_DIRENT_H 1
| #define HAVE_SYS_TYPES_H 1
| #define HAVE_SYS_TIME_H 1
| #define HAVE_TERMIO_H 1
| #define HAVE_UNISTD_H 1
| #define HAVE_MATH_H 1
| #define HAVE_LOCALE_H 1
| #define TIME_WITH_SYS_TIME 1
| #define HAVE_ALLOCA_H 1
| #define HAVE_ALLOCA 1
| #define HAVE_STDLIB_H 1
| #define HAVE_UNISTD_H 1
| #define HAVE_SYS_PARAM_H 1
| #define HAVE_GETPAGESIZE 1
| #define HAVE_VPRINTF 1
| /* end confdefs.h.  */
| /* Define _doprnt to an innocuous variant, in case <limits.h> declares _doprnt.
|    For example, HP-UX 11i <limits.h> declares gettimeofday.  */
| #define _doprnt innocuous__doprnt
| 
| /* System header to define __stub macros and hopefully few prototypes,
|     which can conflict with char _doprnt (); below.
|     Prefer <limits.h> to <assert.h> if __STDC__ is defined, since
|     <limits.h> exists even on freestanding compilers.  */
| 
| #ifdef __STDC__
| # include <limits.h>
| #else
| # include <assert.h>
| #endif
| 
| #undef _doprnt
| 
| /* Override any GCC internal prototype to avoid an error.
|    Use char because int might match the return type of a GCC
|    builtin and then its argument prototype would still apply.  */
| #ifdef __cplusplus
| extern "C"
| #endif
| char _doprnt ();
| /* The GNU C library defines this for functions which it implements
|     to always fail with ENOSYS.  Some functions are actually named
|     something starting with __ and the normal name is an alias.  */
| #if defined __stub__doprnt || defined __stub____doprnt
| choke me
| #endif
| 
| int
| main ()
| {
| return _doprnt ();
|   ;
|   return 0;
| }
configure:10639: result: no
configure:10653: checking for time
configure:10653: mips-linux-gnu-gcc -o conftest -I/home/zeke/mips-install/libz/include -I/home/zeke/mips_install/include -I/home/zeke/mips_install/include -I/home/zeke/mips_install/include  -L/home/zeke/project/linuxPlayV6/out/product/halley2/system/usr/lib conftest.c  >&5
configure:10653: $? = 0
configure:10653: result: yes
configure:10653: checking for mktime
configure:10653: mips-linux-gnu-gcc -o conftest -I/home/zeke/mips-install/libz/include -I/home/zeke/mips_install/include -I/home/zeke/mips_install/include -I/home/zeke/mips_install/include  -L/home/zeke/project/linuxPlayV6/out/product/halley2/system/usr/lib conftest.c  >&5
configure:10653: $? = 0
configure:10653: result: yes
configure:10653: checking for localtime
configure:10653: mips-linux-gnu-gcc -o conftest -I/home/zeke/mips-install/libz/include -I/home/zeke/mips_install/include -I/home/zeke/mips_install/include -I/home/zeke/mips_install/include  -L/home/zeke/project/linuxPlayV6/out/product/halley2/system/usr/lib conftest.c  >&5
configure:10653: $? = 0
configure:10653: result: yes
configure:10653: checking for strdup
configure:10653: mips-linux-gnu-gcc -o conftest -I/home/zeke/mips-install/libz/include -I/home/zeke/mips_install/include -I/home/zeke/mips_install/include -I/home/zeke/mips_install/include  -L/home/zeke/project/linuxPlayV6/out/product/halley2/system/usr/lib conftest.c  >&5
conftest.c:62:6: warning: conflicting types for built-in function 'strdup' [enabled by default]
configure:10653: $? = 0
configure:10653: result: yes
configure:10653: checking for strcasecmp
configure:10653: mips-linux-gnu-gcc -o conftest -I/home/zeke/mips-install/libz/include -I/home/zeke/mips_install/include -I/home/zeke/mips_install/include -I/home/zeke/mips_install/include  -L/home/zeke/project/linuxPlayV6/out/product/halley2/system/usr/lib conftest.c  >&5
conftest.c:63:6: warning: conflicting types for built-in function 'strcasecmp' [enabled by default]
configure:10653: $? = 0
configure:10653: result: yes
configure:10653: checking for strncasecmp
configure:10653: mips-linux-gnu-gcc -o conftest -I/home/zeke/mips-install/libz/include -I/home/zeke/mips_install/include -I/home/zeke/mips_install/include -I/home/zeke/mips_install/include  -L/home/zeke/project/linuxPlayV6/out/product/halley2/system/usr/lib conftest.c  >&5
conftest.c:64:6: warning: conflicting types for built-in function 'strncasecmp' [enabled by default]
configure:10653: $? = 0
configure:10653: result: yes
configure:10653: checking for strerror
configure:10653: mips-linux-gnu-gcc -o conftest -I/home/zeke/mips-install/libz/include -I/home/zeke/mips_install/include -I/home/zeke/mips_install/include -I/home/zeke/mips_install/include  -L/home/zeke/project/linuxPlayV6/out/product/halley2/system/usr/lib conftest.c  >&5
configure:10653: $? = 0
configure:10653: result: yes
configure:10653: checking for setlocale
configure:10653: mips-linux-gnu-gcc -o conftest -I/home/zeke/mips-install/libz/include -I/home/zeke/mips_install/include -I/home/zeke/mips_install/include -I/home/zeke/mips_install/include  -L/home/zeke/project/linuxPlayV6/out/product/halley2/system/usr/lib conftest.c  >&5
configure:10653: $? = 0
configure:10653: result: yes
configure:10653: checking for getpt
configure:10653: mips-linux-gnu-gcc -o conftest -I/home/zeke/mips-install/libz/include -I/home/zeke/mips_install/include -I/home/zeke/mips_install/include -I/home/zeke/mips_install/include  -L/home/zeke/project/linuxPlayV6/out/product/halley2/system/usr/lib conftest.c  >&5
configure:10653: $? = 0
configure:10653: result: yes
configure:11762: checking for FrameBuffer console support
configure:11781: mips-linux-gnu-gcc -c -I/home/zeke/mips-install/libz/include -I/home/zeke/mips_install/include -I/home/zeke/mips_install/include -I/home/zeke/mips_install/include  conftest.c >&5
configure:11781: $? = 0
configure:11787: result: yes
configure:11797: checking for pci_system_init in -lpciaccess
configure:11822: mips-linux-gnu-gcc -o conftest -I/home/zeke/mips-install/libz/include -I/home/zeke/mips_install/include -I/home/zeke/mips_install/include -I/home/zeke/mips_install/include  -L/home/zeke/project/linuxPlayV6/out/product/halley2/system/usr/lib conftest.c -lpciaccess   >&5
/home/zeke/bin/mips-gcc472-glibc216/bin/../lib/gcc/mips-linux-gnu/4.7.2/../../../../mips-linux-gnu/bin/ld: cannot find -lpciaccess
collect2: error: ld returned 1 exit status
configure:11822: $? = 1
configure: failed program was:
| /* confdefs.h */
| #define PACKAGE_NAME "libminigui"
| #define PACKAGE_TARNAME "libminigui"
| #define PACKAGE_VERSION "3.0.12"
| #define PACKAGE_STRING "libminigui 3.0.12"
| #define PACKAGE_BUGREPORT ""
| #define PACKAGE_URL ""
| #define STDC_HEADERS 1
| #define HAVE_SYS_TYPES_H 1
| #define HAVE_SYS_STAT_H 1
| #define HAVE_STDLIB_H 1
| #define HAVE_STRING_H 1
| #define HAVE_MEMORY_H 1
| #define HAVE_STRINGS_H 1
| #define HAVE_INTTYPES_H 1
| #define HAVE_STDINT_H 1
| #define HAVE_UNISTD_H 1
| #define HAVE_DLFCN_H 1
| #define STDC_HEADERS 1
| #define HAVE_DIRENT_H 1
| #define HAVE_SYS_TYPES_H 1
| #define HAVE_SYS_TIME_H 1
| #define HAVE_TERMIO_H 1
| #define HAVE_UNISTD_H 1
| #define HAVE_MATH_H 1
| #define HAVE_LOCALE_H 1
| #define TIME_WITH_SYS_TIME 1
| #define HAVE_ALLOCA_H 1
| #define HAVE_ALLOCA 1
| #define HAVE_STDLIB_H 1
| #define HAVE_UNISTD_H 1
| #define HAVE_SYS_PARAM_H 1
| #define HAVE_GETPAGESIZE 1
| #define HAVE_VPRINTF 1
| #define HAVE_TIME 1
| #define HAVE_MKTIME 1
| #define HAVE_LOCALTIME 1
| #define HAVE_STRDUP 1
| #define HAVE_STRCASECMP 1
| #define HAVE_STRNCASECMP 1
| #define HAVE_STRERROR 1
| #define HAVE_SETLOCALE 1
| #define HAVE_GETPT 1
| #define _MGGAL_DUMMY 1
| #define _MGGAL_FBCON 1
| /* end confdefs.h.  */
| 
| /* Override any GCC internal prototype to avoid an error.
|    Use char because int might match the return type of a GCC
|    builtin and then its argument prototype would still apply.  */
| #ifdef __cplusplus
| extern "C"
| #endif
| char pci_system_init ();
| int
| main ()
| {
| return pci_system_init ();
|   ;
|   return 0;
| }
configure:11831: result: no
configure:12407: checking for pthread library
configure:12429: mips-linux-gnu-gcc -o conftest -I/home/zeke/mips-install/libz/include -I/home/zeke/mips_install/include -I/home/zeke/mips_install/include -I/home/zeke/mips_install/include  -L/home/zeke/project/linuxPlayV6/out/product/halley2/system/usr/lib conftest.c  >&5
configure:12429: $? = 0
configure:12431: result: yes
configure:12443: checking for jpeg_std_error in -ljpeg
configure:12468: mips-linux-gnu-gcc -o conftest -I/home/zeke/mips-install/libz/include -I/home/zeke/mips_install/include -I/home/zeke/mips_install/include -I/home/zeke/mips_install/include  -L/home/zeke/project/linuxPlayV6/out/product/halley2/system/usr/lib conftest.c -ljpeg -lm  >&5
/home/zeke/bin/mips-gcc472-glibc216/bin/../lib/gcc/mips-linux-gnu/4.7.2/../../../../mips-linux-gnu/bin/ld: cannot find -ljpeg
collect2: error: ld returned 1 exit status
configure:12468: $? = 1
configure: failed program was:
| /* confdefs.h */
| #define PACKAGE_NAME "libminigui"
| #define PACKAGE_TARNAME "libminigui"
| #define PACKAGE_VERSION "3.0.12"
| #define PACKAGE_STRING "libminigui 3.0.12"
| #define PACKAGE_BUGREPORT ""
| #define PACKAGE_URL ""
| #define STDC_HEADERS 1
| #define HAVE_SYS_TYPES_H 1
| #define HAVE_SYS_STAT_H 1
| #define HAVE_STDLIB_H 1
| #define HAVE_STRING_H 1
| #define HAVE_MEMORY_H 1
| #define HAVE_STRINGS_H 1
| #define HAVE_INTTYPES_H 1
| #define HAVE_STDINT_H 1
| #define HAVE_UNISTD_H 1
| #define HAVE_DLFCN_H 1
| #define STDC_HEADERS 1
| #define HAVE_DIRENT_H 1
| #define HAVE_SYS_TYPES_H 1
| #define HAVE_SYS_TIME_H 1
| #define HAVE_TERMIO_H 1
| #define HAVE_UNISTD_H 1
| #define HAVE_MATH_H 1
| #define HAVE_LOCALE_H 1
| #define TIME_WITH_SYS_TIME 1
| #define HAVE_ALLOCA_H 1
| #define HAVE_ALLOCA 1
| #define HAVE_STDLIB_H 1
| #define HAVE_UNISTD_H 1
| #define HAVE_SYS_PARAM_H 1
| #define HAVE_GETPAGESIZE 1
| #define HAVE_VPRINTF 1
| #define HAVE_TIME 1
| #define HAVE_MKTIME 1
| #define HAVE_LOCALTIME 1
| #define HAVE_STRDUP 1
| #define HAVE_STRCASECMP 1
| #define HAVE_STRNCASECMP 1
| #define HAVE_STRERROR 1
| #define HAVE_SETLOCALE 1
| #define HAVE_GETPT 1
| #define _MGGAL_DUMMY 1
| #define _MGGAL_FBCON 1
| /* end confdefs.h.  */
| 
| /* Override any GCC internal prototype to avoid an error.
|    Use char because int might match the return type of a GCC
|    builtin and then its argument prototype would still apply.  */
| #ifdef __cplusplus
| extern "C"
| #endif
| char jpeg_std_error ();
| int
| main ()
| {
| return jpeg_std_error ();
|   ;
|   return 0;
| }
configure:12477: result: no
configure:12488: checking for png_check_sig in -lpng
configure:12513: mips-linux-gnu-gcc -o conftest -I/home/zeke/mips-install/libz/include -I/home/zeke/mips_install/include -I/home/zeke/mips_install/include -I/home/zeke/mips_install/include  -L/home/zeke/project/linuxPlayV6/out/product/halley2/system/usr/lib conftest.c -lpng -lz -lm  >&5
/home/zeke/bin/mips-gcc472-glibc216/bin/../lib/gcc/mips-linux-gnu/4.7.2/../../../../mips-linux-gnu/bin/ld: cannot find -lpng
/home/zeke/bin/mips-gcc472-glibc216/bin/../lib/gcc/mips-linux-gnu/4.7.2/../../../../mips-linux-gnu/bin/ld: cannot find -lz
collect2: error: ld returned 1 exit status
configure:12513: $? = 1
configure: failed program was:
| /* confdefs.h */
| #define PACKAGE_NAME "libminigui"
| #define PACKAGE_TARNAME "libminigui"
| #define PACKAGE_VERSION "3.0.12"
| #define PACKAGE_STRING "libminigui 3.0.12"
| #define PACKAGE_BUGREPORT ""
| #define PACKAGE_URL ""
| #define STDC_HEADERS 1
| #define HAVE_SYS_TYPES_H 1
| #define HAVE_SYS_STAT_H 1
| #define HAVE_STDLIB_H 1
| #define HAVE_STRING_H 1
| #define HAVE_MEMORY_H 1
| #define HAVE_STRINGS_H 1
| #define HAVE_INTTYPES_H 1
| #define HAVE_STDINT_H 1
| #define HAVE_UNISTD_H 1
| #define HAVE_DLFCN_H 1
| #define STDC_HEADERS 1
| #define HAVE_DIRENT_H 1
| #define HAVE_SYS_TYPES_H 1
| #define HAVE_SYS_TIME_H 1
| #define HAVE_TERMIO_H 1
| #define HAVE_UNISTD_H 1
| #define HAVE_MATH_H 1
| #define HAVE_LOCALE_H 1
| #define TIME_WITH_SYS_TIME 1
| #define HAVE_ALLOCA_H 1
| #define HAVE_ALLOCA 1
| #define HAVE_STDLIB_H 1
| #define HAVE_UNISTD_H 1
| #define HAVE_SYS_PARAM_H 1
| #define HAVE_GETPAGESIZE 1
| #define HAVE_VPRINTF 1
| #define HAVE_TIME 1
| #define HAVE_MKTIME 1
| #define HAVE_LOCALTIME 1
| #define HAVE_STRDUP 1
| #define HAVE_STRCASECMP 1
| #define HAVE_STRNCASECMP 1
| #define HAVE_STRERROR 1
| #define HAVE_SETLOCALE 1
| #define HAVE_GETPT 1
| #define _MGGAL_DUMMY 1
| #define _MGGAL_FBCON 1
| /* end confdefs.h.  */
| 
| /* Override any GCC internal prototype to avoid an error.
|    Use char because int might match the return type of a GCC
|    builtin and then its argument prototype would still apply.  */
| #ifdef __cplusplus
| extern "C"
| #endif
| char png_check_sig ();
| int
| main ()
| {
| return png_check_sig ();
|   ;
|   return 0;
| }
configure:12522: result: no
configure:12916: checking for pow in -lm
configure:12941: mips-linux-gnu-gcc -o conftest -I/home/zeke/mips-install/libz/include -I/home/zeke/mips_install/include -I/home/zeke/mips_install/include -I/home/zeke/mips_install/include -D_WITH_TARGET_NONE -D__MINIGUI_LIB__ -D_REENTRANT  -L/home/zeke/project/linuxPlayV6/out/product/halley2/system/usr/lib conftest.c -lm   >&5
conftest.c:67:6: warning: conflicting types for built-in function 'pow' [enabled by default]
configure:12941: $? = 0
configure:12950: result: yes
configure:14148: creating ./config.status

## ---------------------- ##
## Running config.status. ##
## ---------------------- ##

This file was extended by libminigui config.status 3.0.12, which was
generated by GNU Autoconf 2.65.  Invocation command line was

  CONFIG_FILES    = 
  CONFIG_HEADERS  = 
  CONFIG_LINKS    = 
  CONFIG_COMMANDS = 
  $ ./config.status 

on zpc

config.status:1092: creating minigui.pc
config.status:1092: creating Makefile
config.status:1092: creating cmake/Makefile
config.status:1092: creating src/Makefile
config.status:1092: creating src/control/Makefile
config.status:1092: creating src/ex_ctrl/Makefile
config.status:1092: creating src/font/Makefile
config.status:1092: creating src/font/in-core/Makefile
config.status:1092: creating src/newgal/Makefile
config.status:1092: creating src/newgal/fbcon/Makefile
config.status:1092: creating src/newgal/qvfb/Makefile
config.status:1092: creating src/newgal/pcxvfb/Makefile
config.status:1092: creating src/newgal/wvfb/Makefile
config.status:1092: creating src/newgal/commlcd/Makefile
config.status:1092: creating src/newgal/shadow/Makefile
config.status:1092: creating src/newgal/mlshadow/Makefile
config.status:1092: creating src/newgal/em86gfx/Makefile
config.status:1092: creating src/newgal/em85xxyuv/Makefile
config.status:1092: creating src/newgal/em85xxosd/Makefile
config.status:1092: creating src/newgal/dummy/Makefile
config.status:1092: creating src/newgal/svpxxosd/Makefile
config.status:1092: creating src/newgal/bf533/Makefile
config.status:1092: creating src/newgal/mb93493/Makefile
config.status:1092: creating src/newgal/utpmc/Makefile
config.status:1092: creating src/newgal/dfb/Makefile
config.status:1092: creating src/newgal/hisi/Makefile
config.status:1092: creating src/newgal/rtos_xvfb/Makefile
config.status:1092: creating src/newgal/nexus/Makefile
config.status:1092: creating src/newgal/s3c6410/Makefile
config.status:1092: creating src/newgal/sigma8654/Makefile
config.status:1092: creating src/newgal/mstar/Makefile
config.status:1092: creating src/newgal/gdl/Makefile
config.status:1092: creating src/newgal/stgfb/Makefile
config.status:1092: creating src/ial/Makefile
config.status:1092: creating src/ial/native/Makefile
config.status:1092: creating src/ial/netial/Makefile
config.status:1092: creating src/ial/nexusial/Makefile
config.status:1092: creating src/ial/dlcustom/Makefile
config.status:1092: creating src/mybmp/Makefile
config.status:1092: creating src/newgdi/Makefile
config.status:1092: creating src/gui/Makefile
config.status:1092: creating src/libc/Makefile
config.status:1092: creating src/misc/Makefile
config.status:1092: creating src/main/Makefile
config.status:1092: creating src/kernel/Makefile
config.status:1092: creating src/server/Makefile
config.status:1092: creating src/client/Makefile
config.status:1092: creating src/standalone/Makefile
config.status:1092: creating src/sysres/Makefile
config.status:1092: creating src/sysres/bmp/Makefile
config.status:1092: creating src/sysres/icon/Makefile
config.status:1092: creating src/sysres/font/Makefile
config.status:1092: creating src/sysres/cursor/Makefile
config.status:1092: creating src/sysres/license/Makefile
config.status:1092: creating src/sysres/license/c_files/Makefile
config.status:1092: creating src/include/Makefile
config.status:1092: creating src/textedit/Makefile
config.status:1092: creating include/Makefile
config.status:1092: creating include/ctrl/Makefile
config.status:1092: creating rtos/Makefile
config.status:1092: creating etc/Makefile
config.status:1092: creating 3rd-party/Makefile
config.status:1092: creating 3rd-party/scripteasy/Makefile
config.status:1092: creating m4/Makefile
config.status:1092: creating build/Makefile
config.status:1092: creating mgconfig.h
config.status:1312: executing depfiles commands

## ---------------- ##
## Cache variables. ##
## ---------------- ##

ac_cv_build=x86_64-unknown-linux-gnu
ac_cv_c_compiler_gnu=yes
ac_cv_c_const=yes
ac_cv_c_inline=inline
ac_cv_env_CC_set=
ac_cv_env_CC_value=
ac_cv_env_CFLAGS_set=set
ac_cv_env_CFLAGS_value='-I/home/zeke/mips-install/libz/include -I/home/zeke/mips_install/include -I/home/zeke/mips_install/include -I/home/zeke/mips_install/include'
ac_cv_env_CPPFLAGS_set=
ac_cv_env_CPPFLAGS_value=
ac_cv_env_CPP_set=
ac_cv_env_CPP_value=
ac_cv_env_LDFLAGS_set=set
ac_cv_env_LDFLAGS_value=-L/home/zeke/project/linuxPlayV6/out/product/halley2/system/usr/lib
ac_cv_env_LIBS_set=
ac_cv_env_LIBS_value=
ac_cv_env_build_alias_set=
ac_cv_env_build_alias_value=
ac_cv_env_host_alias_set=set
ac_cv_env_host_alias_value=mips-linux-gnu
ac_cv_env_target_alias_set=
ac_cv_env_target_alias_value=
ac_cv_func__doprnt=no
ac_cv_func_alloca_works=yes
ac_cv_func_getpagesize=yes
ac_cv_func_getpt=yes
ac_cv_func_localtime=yes
ac_cv_func_memcmp_working=no
ac_cv_func_mktime=yes
ac_cv_func_mmap_fixed_mapped=no
ac_cv_func_setlocale=yes
ac_cv_func_strcasecmp=yes
ac_cv_func_strdup=yes
ac_cv_func_strerror=yes
ac_cv_func_strncasecmp=yes
ac_cv_func_time=yes
ac_cv_func_vprintf=yes
ac_cv_header_dirent_dirent_h=yes
ac_cv_header_dlfcn_h=yes
ac_cv_header_inttypes_h=yes
ac_cv_header_locale_h=yes
ac_cv_header_math_h=yes
ac_cv_header_memory_h=yes
ac_cv_header_stdc=yes
ac_cv_header_stdint_h=yes
ac_cv_header_stdlib_h=yes
ac_cv_header_string_h=yes
ac_cv_header_strings_h=yes
ac_cv_header_sys_param_h=yes
ac_cv_header_sys_stat_h=yes
ac_cv_header_sys_time_h=yes
ac_cv_header_sys_types_h=yes
ac_cv_header_termio_h=yes
ac_cv_header_time=yes
ac_cv_header_unistd_h=yes
ac_cv_host=mips-unknown-linux-gnu
ac_cv_lib_jpeg_jpeg_std_error=no
ac_cv_lib_m_pow=yes
ac_cv_lib_pciaccess_pci_system_init=no
ac_cv_lib_png_png_check_sig=no
ac_cv_objext=o
ac_cv_path_EGREP='/bin/grep -E'
ac_cv_path_GREP=/bin/grep
ac_cv_path_install='/usr/bin/install -c'
ac_cv_path_mkdir=/bin/mkdir
ac_cv_prog_AWK=gawk
ac_cv_prog_CC=mips-linux-gnu-gcc
ac_cv_prog_CPP='mips-linux-gnu-gcc -E'
ac_cv_prog_RANLIB=mips-linux-gnu-ranlib
ac_cv_prog_STRIP=mips-linux-gnu-strip
ac_cv_prog_cc_c89=
ac_cv_prog_cc_g=yes
ac_cv_prog_make_make_set=yes
ac_cv_search_opendir='none required'
ac_cv_struct_tm=time.h
ac_cv_target=mips-unknown-linux-gnu
ac_cv_type_size_t=yes
ac_cv_working_alloca_h=yes
am_cv_CC_dependencies_compiler_type=gcc3
lt_cv_archive_cmds_need_lc=no
lt_cv_compiler_c_o=yes
lt_cv_compiler_o_lo=yes
lt_cv_deplibs_check_method=pass_all
lt_cv_file_magic_cmd='$MAGIC_CMD'
lt_cv_file_magic_test_file='/lib/libc.so* /lib/libc-*.so'
lt_cv_global_symbol_to_c_name_address='sed -n -e '\''s/^: \([^ ]*\) $/  {\"\1\", (lt_ptr) 0},/p'\'' -e '\''s/^[BCDEGRST] \([^ ]*\) \([^ ]*\)$/  {"\2", (lt_ptr) \&\2},/p'\'''
lt_cv_global_symbol_to_cdecl='sed -n -e '\''s/^. .* \(.*\)$/extern char \1;/p'\'''
lt_cv_ld_reload_flag=-r
lt_cv_path_LD=/home/zeke/bin/mips-gcc472-glibc216/mips-linux-gnu/bin/ld
lt_cv_path_NM='/home/zeke/bin/mips-gcc472-glibc216/bin/mips-linux-gnu-nm -B'
lt_cv_path_SED=/bin/sed
lt_cv_prog_cc_can_build_shared=yes
lt_cv_prog_cc_no_builtin=
lt_cv_prog_cc_pic=' -fPIC'
lt_cv_prog_cc_pic_works=yes
lt_cv_prog_cc_shlib=
lt_cv_prog_cc_static=-static
lt_cv_prog_cc_static_works=yes
lt_cv_prog_cc_wl=-Wl,
lt_cv_prog_gnu_ld=yes
lt_cv_sys_global_symbol_pipe='sed -n -e '\''s/^.*[ 	]\([ABCDGISTW][ABCDGISTW]*\)[ 	][ 	]*\(\)\([_A-Za-z][_A-Za-z0-9]*\)$/\1 \2\3 \3/p'\'''

## ----------------- ##
## Output variables. ##
## ----------------- ##

ACLOCAL='${SHELL} /home/zeke/project/my_project/minigui-64bit/missing --run aclocal-1.11'
ALLOCA=''
AMDEPBACKSLASH='\'
AMDEP_FALSE='#'
AMDEP_TRUE=''
AMTAR='${SHELL} /home/zeke/project/my_project/minigui-64bit/missing --run tar'
AUTOCONF='${SHELL} /home/zeke/project/my_project/minigui-64bit/missing --run autoconf'
AUTOHEADER='${SHELL} /home/zeke/project/my_project/minigui-64bit/missing --run autoheader'
AUTOMAKE='${SHELL} /home/zeke/project/my_project/minigui-64bit/missing --run automake-1.11'
AWK='gawk'
CC='mips-linux-gnu-gcc'
CCDEPMODE='depmode=gcc3'
CFLAGS='-I/home/zeke/mips-install/libz/include -I/home/zeke/mips_install/include -I/home/zeke/mips_install/include -I/home/zeke/mips_install/include -D_WITH_TARGET_NONE -D__MINIGUI_LIB__ -D_REENTRANT -Wall -Wstrict-prototypes -pipe -D_GNU_SOURCE'
CPP='mips-linux-gnu-gcc -E'
CPPFLAGS=''
CYGPATH_W='echo'
DEFS='-DHAVE_CONFIG_H'
DEPDIR='.deps'
ECHO='echo'
ECHO_C=''
ECHO_N='-n'
ECHO_T=''
EGREP='/bin/grep -E'
EXEEXT=''
FT1_INC_DIR=''
FT2_INC_DIR=''
GREP='/bin/grep'
INSTALL_DATA='${INSTALL} -m 644'
INSTALL_PROGRAM='${INSTALL}'
INSTALL_SCRIPT='${INSTALL}'
INSTALL_STRIP_PROGRAM='$(install_sh) -c -s'
LDFLAGS='-L/home/zeke/project/linuxPlayV6/out/product/halley2/system/usr/lib'
LIBOBJS=' ${LIBOBJDIR}memcmp$U.o'
LIBS=''
LIBTOOL='$(SHELL) $(top_builddir)/libtool'
LN_S='ln -s'
LTLIBOBJS=' ${LIBOBJDIR}memcmp$U.lo'
LT_AGE='0'
LT_CURRENT='12'
LT_RELEASE='3.0'
LT_REVISION='0'
MAKEINFO='${SHELL} /home/zeke/project/my_project/minigui-64bit/missing --run makeinfo'
MGFONT_SEF_FALSE=''
MGFONT_SEF_TRUE='#'
MGIAL_CONSOLE_FALSE='#'
MGIAL_CONSOLE_TRUE=''
MGIAL_CUSTOM_FALSE=''
MGIAL_CUSTOM_TRUE='#'
MGIAL_DLCUSTOM_FALSE='#'
MGIAL_DLCUSTOM_TRUE=''
MGIAL_NET_FALSE=''
MGIAL_NET_TRUE='#'
MGIAL_NEXUS_FALSE=''
MGIAL_NEXUS_TRUE='#'
MGLIB_MVFB_FALSE=''
MGLIB_MVFB_TRUE='#'
MGLIB_SUFFIX='ths'
MGRM_PROCESSES_FALSE=''
MGRM_PROCESSES_TRUE='#'
MGRM_STANDALONE_FALSE=''
MGRM_STANDALONE_TRUE='#'
MGUSE_OWN_PTHREAD_FALSE=''
MGUSE_OWN_PTHREAD_TRUE='#'
MG_ENABLE_SCREENSAVER_FALSE=''
MG_ENABLE_SCREENSAVER_TRUE='#'
MG_ENABLE_SPLASH_FALSE=''
MG_ENABLE_SPLASH_TRUE='#'
MG_MINIMALGDI_FALSE=''
MG_MINIMALGDI_TRUE='#'
MINIGUI_INCLUDE_LIST=''
MINIGUI_LIBRARIES_LIST=' -ldl -lm -lpthread'
MKDIR_P='/bin/mkdir -p'
MiniGUI_BINARY_AGE='0'
MiniGUI_INTERFACE_AGE='0'
MiniGUI_MAJOR_VERSION='3'
MiniGUI_MICRO_VERSION='12'
MiniGUI_MINOR_VERSION='0'
MiniGUI_VERSION='3.0.12'
NEXUS_INCLUDEDIR=''
NEXUS_LIBDIR=''
OBJEXT='o'
PACKAGE='libminigui'
PACKAGE_BUGREPORT=''
PACKAGE_NAME='libminigui'
PACKAGE_STRING='libminigui 3.0.12'
PACKAGE_TARNAME='libminigui'
PACKAGE_URL=''
PACKAGE_VERSION='3.0.12'
PATH_SEPARATOR=':'
RANLIB='mips-linux-gnu-ranlib'
SET_MAKE=''
SHELL='/bin/bash'
STRIP='mips-linux-gnu-strip'
SYSTEM_LIBS=' -ldl -lm -lpthread'
UCOSII_FALSE=''
UCOSII_TRUE='#'
VERSION='3.0.12'
VIDEO_DRIVERS=' dummy/libvideo_null.la fbcon/libvideo_fbcon.la'
VIDEO_SUBDIRS=' dummy fbcon'
ac_ct_CC=''
am__EXEEXT_FALSE=''
am__EXEEXT_TRUE='#'
am__fastdepCC_FALSE='#'
am__fastdepCC_TRUE=''
am__include='include'
am__isrc=''
am__leading_dot='.'
am__quote=''
am__tar='${AMTAR} chof - "$$tardir"'
am__untar='${AMTAR} xf -'
bindir='${exec_prefix}/bin'
build='x86_64-unknown-linux-gnu'
build_alias=''
build_cpu='x86_64'
build_os='linux-gnu'
build_vendor='unknown'
datadir='${datarootdir}'
datarootdir='${prefix}/share'
docdir='${datarootdir}/doc/${PACKAGE_TARNAME}'
dvidir='${docdir}'
exec_prefix='${prefix}'
host='mips-unknown-linux-gnu'
host_alias='mips-linux-gnu'
host_cpu='mips'
host_os='linux-gnu'
host_vendor='unknown'
htmldir='${docdir}'
includedir='${prefix}/include'
infodir='${datarootdir}/info'
install_sh='${SHELL} /home/zeke/project/my_project/minigui-64bit/install-sh'
libdir='${exec_prefix}/lib'
libexecdir='${exec_prefix}/libexec'
localedir='${datarootdir}/locale'
localstatedir='${prefix}/var'
mandir='${datarootdir}/man'
mkdir_p='/bin/mkdir -p'
oldincludedir='/usr/include'
pdfdir='${docdir}'
prefix='/home/zeke/mips-install/minigui_n'
program_transform_name='s,x,x,'
psdir='${docdir}'
sbindir='${exec_prefix}/sbin'
sharedstatedir='${prefix}/com'
sysconfdir='${prefix}/etc'
target='mips-unknown-linux-gnu'
target_alias=''
target_cpu='mips'
target_os='linux-gnu'
target_vendor='unknown'

configure: exit 0
